<?xml version="1.0" encoding="UTF-8"?>
<Site BuildName="(empty)"
	BuildStamp="20231206-1959-Experimental"
	Name="GE76"
	Generator="ctest-3.16.3"
	CompilerName="/usr/bin/g++"
	CompilerVersion="9.4.0"
	OSName="Linux"
	Hostname="GE76"
	OSRelease="5.15.0-89-generic"
	OSVersion="#99~20.04.1-Ubuntu SMP Thu Nov 2 15:16:47 UTC 2023"
	OSPlatform="x86_64"
	Is64Bits="1"
	VendorString="GenuineIntel"
	VendorID="Intel Corporation"
	FamilyID="6"
	ModelID="154"
	ProcessorCacheSize="24576"
	NumberOfLogicalCPU="20"
	NumberOfPhysicalCPU="14"
	TotalVirtualMemory="2047"
	TotalPhysicalMemory="15687"
	LogicalProcessorsPerPhysical="1"
	ProcessorClockFrequency="3859.29"
	>
	<Testing>
		<StartDateTime>Dec 06 14:59 EST</StartDateTime>
		<StartTestTime>1701892768</StartTestTime>
		<TestList/>
		<EndDateTime>Dec 06 14:59 EST</EndDateTime>
		<EndTestTime>1701892768</EndTestTime>
		<ElapsedMinutes>0</ElapsedMinutes>
	</Testing>
</Site>
